sample.interval=20000
"getDLLRegisteredRoutines.DLLInfo" "assignNativeRoutines" "loadNamespace" "namespaceImport" "loadNamespace" "doTryCatch" "tryCatchOne" "tryCatchList" "tryCatch" "library" 
"fun" "lazyLoadDBexec" "lazyLoad" "eval" "eval" "eval" "eval" "eval.parent" "local" "eval" "eval" "sys.source" "doTryCatch" "tryCatchOne" "tryCatchList" "tryCatch" "try" "loadNamespace" "doTryCatch" "tryCatchOne" "tryCatchList" "tryCatch" "requireNamespace" "<Anonymous>" "mapply" "do.call" "pmap" "enexpr" "inject" "list_c" "detect_installed" "is_installed" "ns_exports_has" "eval" "eval" "eval" "eval" "eval.parent" "local" "callback" "run_on_load" "fun" "doTryCatch" "tryCatchOne" "tryCatchList" "tryCatch" "runHook" "loadNamespace" "namespaceImport" "loadNamespace" "doTryCatch" "tryCatchOne" "tryCatchList" "tryCatch" "library" 
"Recall" ".recMembers" "getGroupMembers" ".checkGroupSigLength" ".updateMethodsInTable" "methods::cacheMetaData" "loadNamespace" "doTryCatch" "tryCatchOne" "tryCatchList" "tryCatch" "requireNamespace" "<Anonymous>" "mapply" "do.call" "pmap" "enexpr" "inject" "list_c" "detect_installed" "is_installed" "ns_exports_has" "eval" "eval" "eval" "eval" "eval.parent" "local" "callback" "run_on_load" "fun" "doTryCatch" "tryCatchOne" "tryCatchList" "tryCatch" "runHook" "loadNamespace" "namespaceImport" "loadNamespace" "doTryCatch" "tryCatchOne" "tryCatchList" "tryCatch" "library" 
"environment" ".updateMethodsInTable" ".updateMethodsInTable" ".updateMethodsInTable" "methods::cacheMetaData" "loadNamespace" "doTryCatch" "tryCatchOne" "tryCatchList" "tryCatch" "requireNamespace" "<Anonymous>" "mapply" "do.call" "pmap" "enexpr" "inject" "list_c" "detect_installed" "is_installed" "ns_exports_has" "eval" "eval" "eval" "eval" "eval.parent" "local" "callback" "run_on_load" "fun" "doTryCatch" "tryCatchOne" "tryCatchList" "tryCatch" "runHook" "loadNamespace" "namespaceImport" "loadNamespace" "doTryCatch" "tryCatchOne" "tryCatchList" "tryCatch" "library" 
"genericForBasic" "getGeneric" ".recMembers" "Recall" ".recMembers" "getGroupMembers" ".checkGroupSigLength" ".updateMethodsInTable" "methods::cacheMetaData" "loadNamespace" "namespaceImport" "loadNamespace" "doTryCatch" "tryCatchOne" "tryCatchList" "tryCatch" "library" 
"getGeneric" ".recMembers" "Recall" ".recMembers" "getGroupMembers" ".checkGroupSigLength" "Recall" ".checkGroupSigLength" ".updateMethodsInTable" ".updateMethodsInTable" ".updateMethodsInTable" "methods::cacheMetaData" "loadNamespace" "namespaceImport" "loadNamespace" "doTryCatch" "tryCatchOne" "tryCatchList" "tryCatch" "library" 
"namespaceImportFrom" "loadNamespace" "namespaceImport" "loadNamespace" "doTryCatch" "tryCatchOne" "tryCatchList" "tryCatch" "library" 
"dyn.load" "library.dynam" "loadNamespace" "namespaceImport" "loadNamespace" "doTryCatch" "tryCatchOne" "tryCatchList" "tryCatch" "library" 
"gzfile" "readRDS" "doTryCatch" "tryCatchOne" "tryCatchList" "tryCatch" "FUN" "lapply" "find.package" "loadNamespace" "asNamespace" "namespaceImportFrom" "loadNamespace" "doTryCatch" "tryCatchOne" "tryCatchList" "tryCatch" "library" 
"getClassDef" "is" ".checkGroupSigLength" "Recall" ".checkGroupSigLength" ".updateMethodsInTable" ".updateMethodsInTable" "methods::cacheMetaData" "loadNamespace" "asNamespace" "namespaceImportFrom" "loadNamespace" "doTryCatch" "tryCatchOne" "tryCatchList" "tryCatch" "library" 
"exists" ".getGenericFromCacheTable" ".getGenericFromCache" ".getGeneric" "getGeneric" "FUN" "lapply" ".checkGroupSigLength" "Recall" ".checkGroupSigLength" ".updateMethodsInTable" ".updateMethodsInTable" ".updateMethodsInTable" "methods::cacheMetaData" "loadNamespace" "asNamespace" "namespaceImportFrom" "loadNamespace" "doTryCatch" "tryCatchOne" "tryCatchList" "tryCatch" "library" 
"lazyLoadDBfetch" "runHook" "loadNamespace" "asNamespace" "namespaceImportFrom" "loadNamespace" "doTryCatch" "tryCatchOne" "tryCatchList" "tryCatch" "library" 
"FUN" "lapply" "find.package" "library.dynam" "loadNamespace" "asNamespace" "namespaceImportFrom" "loadNamespace" "asNamespace" "namespaceImportFrom" "loadNamespace" "doTryCatch" "tryCatchOne" "tryCatchList" "tryCatch" "library" 
"lazyLoadDBfetch" "frame_loc" "exit_frame" "add_handler" "defer" "rlang::local_options" "make_style_fast" "assign_crayon_styles" "fun" "doTryCatch" "tryCatchOne" "tryCatchList" "tryCatch" "runHook" "loadNamespace" "asNamespace" "namespaceImportFrom" "loadNamespace" "doTryCatch" "tryCatchOne" "tryCatchList" "tryCatch" "library" 
"cmp" "h" "tryInline" "cmpCall" "cmp" "h" "tryInline" "cmpCall" "cmp" "genCode" "cmpfun" "doTryCatch" "tryCatchOne" "tryCatchList" "tryCatch" "compiler:::tryCmpfun" "source_frame" "exit_frame" "add_handler" "defer" "rlang::local_options" "make_style_fast" "assign_crayon_styles" "fun" "doTryCatch" "tryCatchOne" "tryCatchList" "tryCatch" "runHook" "loadNamespace" "asNamespace" "namespaceImportFrom" "loadNamespace" "doTryCatch" "tryCatchOne" "tryCatchList" "tryCatch" "library" 
"putconst" "cb$putcode" "cmpSetterCall" "cmpComplexAssign" "h" "tryInline" "cmpCall" "cmp" "h" "tryInline" "cmpCall" "cmp" "genCode" "cmpfun" "doTryCatch" "tryCatchOne" "tryCatchList" "tryCatch" "compiler:::tryCmpfun" "<Anonymous>" "make_style_fast" "assign_crayon_styles" "fun" "doTryCatch" "tryCatchOne" "tryCatchList" "tryCatch" "runHook" "loadNamespace" "asNamespace" "namespaceImportFrom" "loadNamespace" "doTryCatch" "tryCatchOne" "tryCatchList" "tryCatch" "library" 
"names" "importIntoEnv" "namespaceImportFrom" "loadNamespace" "asNamespace" "namespaceImportFrom" "loadNamespace" "doTryCatch" "tryCatchOne" "tryCatchList" "tryCatch" "library" 
"getClassDef" "is" ".checkGroupSigLength" "Recall" ".checkGroupSigLength" ".updateMethodsInTable" ".updateMethodsInTable" ".updateMethodsInTable" "methods::cacheMetaData" "loadNamespace" "asNamespace" "namespaceImportFrom" "loadNamespace" "doTryCatch" "tryCatchOne" "tryCatchList" "tryCatch" "library" 
"class" "is" "getGeneric" ".recMembers" "Recall" ".recMembers" "getGroupMembers" ".checkGroupSigLength" "Recall" ".checkGroupSigLength" ".updateMethodsInTable" ".updateMethodsInTable" ".updateMethodsInTable" "methods::cacheMetaData" "loadNamespace" "asNamespace" "namespaceImportFrom" "loadNamespace" "doTryCatch" "tryCatchOne" "tryCatchList" "tryCatch" "library" 
"file" "parse" "sys.source" "doTryCatch" "tryCatchOne" "tryCatchList" "tryCatch" "try" "loadNamespace" "doTryCatch" "tryCatchOne" "tryCatchList" "tryCatch" "library" 
"grep" "getClasses" "methods::cacheMetaData" "loadNamespace" "doTryCatch" "tryCatchOne" "tryCatchList" "tryCatch" "library" 
"as.vector" "setdiff" "remove" ".resetInheritedMethods" ".updateMethodsInTable" ".updateMethodsInTable" ".updateMethodsInTable" "methods::cacheMetaData" "loadNamespace" "doTryCatch" "tryCatchOne" "tryCatchList" "tryCatch" "library" 
"lazyLoadDBfetch" "FUN" "vapply" "same.isFn" "checkConflicts" "library" 
"data.frame" "mutate" "mutate" "group_by" "summarise" ".External2" "%>%" 
"data.frame" "mutate" "mutate" "group_by" "summarise" ".External2" "%>%" 
"data.frame" "mutate" "mutate" "group_by" "summarise" ".External2" "%>%" 
"data.frame" "mutate" "mutate" "group_by" "summarise" ".External2" "%>%" 
"data.frame" "mutate" "mutate" "group_by" "summarise" ".External2" "%>%" 
"data.frame" "mutate" "mutate" "group_by" "summarise" ".External2" "%>%" 
"data.frame" "mutate" "mutate" "group_by" "summarise" ".External2" "%>%" 
"data.frame" "mutate" "mutate" "group_by" "summarise" ".External2" "%>%" 
"data.frame" "mutate" "mutate" "group_by" "summarise" ".External2" "%>%" 
"data.frame" "mutate" "mutate" "group_by" "summarise" ".External2" "%>%" 
"data.frame" "mutate" "mutate" "group_by" "summarise" ".External2" "%>%" 
"data.frame" "mutate" "mutate" "group_by" "summarise" ".External2" "%>%" 
"data.frame" "mutate" "mutate" "group_by" "summarise" ".External2" "%>%" 
"data.frame" "mutate" "mutate" "group_by" "summarise" ".External2" "%>%" 
"data.frame" "mutate" "mutate" "group_by" "summarise" ".External2" "%>%" 
"sample.int" "sample" "data.frame" "mutate" "mutate" "group_by" "summarise" ".External2" "%>%" 
"sample.int" "sample" "data.frame" "mutate" "mutate" "group_by" "summarise" ".External2" "%>%" 
"sample.int" "sample" "data.frame" "mutate" "mutate" "group_by" "summarise" ".External2" "%>%" 
"sample.int" "sample" "data.frame" "mutate" "mutate" "group_by" "summarise" ".External2" "%>%" 
"sample.int" "sample" "data.frame" "mutate" "mutate" "group_by" "summarise" ".External2" "%>%" 
"sample.int" "sample" "data.frame" "mutate" "mutate" "group_by" "summarise" ".External2" "%>%" 
"sample.int" "sample" "data.frame" "mutate" "mutate" "group_by" "summarise" ".External2" "%>%" 
"sample.int" "sample" "data.frame" "mutate" "mutate" "group_by" "summarise" ".External2" "%>%" 
"sample.int" "sample" "data.frame" "mutate" "mutate" "group_by" "summarise" ".External2" "%>%" 
"sample.int" "sample" "data.frame" "mutate" "mutate" "group_by" "summarise" ".External2" "%>%" 
"sample.int" "sample" "data.frame" "mutate" "mutate" "group_by" "summarise" ".External2" "%>%" 
"sample.int" "sample" "data.frame" "mutate" "mutate" "group_by" "summarise" ".External2" "%>%" 
"sample.int" "sample" "data.frame" "mutate" "mutate" "group_by" "summarise" ".External2" "%>%" 
"sample.int" "sample" "data.frame" "mutate" "mutate" "group_by" "summarise" ".External2" "%>%" 
"sample.int" "sample" "data.frame" "mutate" "mutate" "group_by" "summarise" ".External2" "%>%" 
"sample.int" "sample" "data.frame" "mutate" "mutate" "group_by" "summarise" ".External2" "%>%" 
"sample.int" "sample" "data.frame" "mutate" "mutate" "group_by" "summarise" ".External2" "%>%" 
"sample.int" "sample" "data.frame" "mutate" "mutate" "group_by" "summarise" ".External2" "%>%" 
"sample.int" "sample" "data.frame" "mutate" "mutate" "group_by" "summarise" ".External2" "%>%" 
"sample.int" "sample" "data.frame" "mutate" "mutate" "group_by" "summarise" ".External2" "%>%" 
"sample.int" "sample" "data.frame" "mutate" "mutate" "group_by" "summarise" ".External2" "%>%" 
"sample.int" "sample" "data.frame" "mutate" "mutate" "group_by" "summarise" ".External2" "%>%" 
"sample.int" "sample" "data.frame" "mutate" "mutate" "group_by" "summarise" ".External2" "%>%" 
"sample.int" "sample" "data.frame" "mutate" "mutate" "group_by" "summarise" ".External2" "%>%" 
"sample.int" "sample" "data.frame" "mutate" "mutate" "group_by" "summarise" ".External2" "%>%" 
"sample" "data.frame" "mutate" "mutate" "group_by" "summarise" ".External2" "%>%" 
"sample" "data.frame" "mutate" "mutate" "group_by" "summarise" ".External2" "%>%" 
"sample" "data.frame" "mutate" "mutate" "group_by" "summarise" ".External2" "%>%" 
"sample" "data.frame" "mutate" "mutate" "group_by" "summarise" ".External2" "%>%" 
"sample" "data.frame" "mutate" "mutate" "group_by" "summarise" ".External2" "%>%" 
"sample" "data.frame" "mutate" "mutate" "group_by" "summarise" ".External2" "%>%" 
"sample" "data.frame" "mutate" "mutate" "group_by" "summarise" ".External2" "%>%" 
"sample" "data.frame" "mutate" "mutate" "group_by" "summarise" ".External2" "%>%" 
"sample" "data.frame" "mutate" "mutate" "group_by" "summarise" ".External2" "%>%" 
"sample" "data.frame" "mutate" "mutate" "group_by" "summarise" ".External2" "%>%" 
"-" ".Call" "eval" "mask$eval_all_mutate" "mutate_col" "withCallingHandlers" "mutate_cols" "mutate.data.frame" "mutate" "mutate" "group_by" "summarise" ".External2" "%>%" 
"-" ".Call" "eval" "mask$eval_all_mutate" "mutate_col" "withCallingHandlers" "mutate_cols" "mutate.data.frame" "mutate" "mutate" "group_by" "summarise" ".External2" "%>%" 
"-" ".Call" "eval" "mask$eval_all_mutate" "mutate_col" "withCallingHandlers" "mutate_cols" "mutate.data.frame" "mutate" "mutate" "group_by" "summarise" ".External2" "%>%" 
"-" ".Call" "eval" "mask$eval_all_mutate" "mutate_col" "withCallingHandlers" "mutate_cols" "mutate.data.frame" "mutate" "mutate" "group_by" "summarise" ".External2" "%>%" 
"-" ".Call" "eval" "mask$eval_all_mutate" "mutate_col" "withCallingHandlers" "mutate_cols" "mutate.data.frame" "mutate" "mutate" "group_by" "summarise" ".External2" "%>%" 
"-" ".Call" "eval" "mask$eval_all_mutate" "mutate_col" "withCallingHandlers" "mutate_cols" "mutate.data.frame" "mutate" "mutate" "group_by" "summarise" ".External2" "%>%" 
"sample.int" "sample" ".Call" "eval" "mask$eval_all_mutate" "mutate_col" "withCallingHandlers" "mutate_cols" "mutate.data.frame" "mutate" "mutate" "group_by" "summarise" ".External2" "%>%" 
"sample.int" "sample" ".Call" "eval" "mask$eval_all_mutate" "mutate_col" "withCallingHandlers" "mutate_cols" "mutate.data.frame" "mutate" "mutate" "group_by" "summarise" ".External2" "%>%" 
"sample.int" "sample" ".Call" "eval" "mask$eval_all_mutate" "mutate_col" "withCallingHandlers" "mutate_cols" "mutate.data.frame" "mutate" "mutate" "group_by" "summarise" ".External2" "%>%" 
"sample.int" "sample" ".Call" "eval" "mask$eval_all_mutate" "mutate_col" "withCallingHandlers" "mutate_cols" "mutate.data.frame" "mutate" "mutate" "group_by" "summarise" ".External2" "%>%" 
"sample.int" "sample" ".Call" "eval" "mask$eval_all_mutate" "mutate_col" "withCallingHandlers" "mutate_cols" "mutate.data.frame" "mutate" "mutate" "group_by" "summarise" ".External2" "%>%" 
"sample.int" "sample" ".Call" "eval" "mask$eval_all_mutate" "mutate_col" "withCallingHandlers" "mutate_cols" "mutate.data.frame" "mutate" "mutate" "group_by" "summarise" ".External2" "%>%" 
"sample.int" "sample" ".Call" "eval" "mask$eval_all_mutate" "mutate_col" "withCallingHandlers" "mutate_cols" "mutate.data.frame" "mutate" "mutate" "group_by" "summarise" ".External2" "%>%" 
"sample.int" "sample" ".Call" "eval" "mask$eval_all_mutate" "mutate_col" "withCallingHandlers" "mutate_cols" "mutate.data.frame" "mutate" "mutate" "group_by" "summarise" ".External2" "%>%" 
"sample.int" "sample" ".Call" "eval" "mask$eval_all_mutate" "mutate_col" "withCallingHandlers" "mutate_cols" "mutate.data.frame" "mutate" "mutate" "group_by" "summarise" ".External2" "%>%" 
"sample.int" "sample" ".Call" "eval" "mask$eval_all_mutate" "mutate_col" "withCallingHandlers" "mutate_cols" "mutate.data.frame" "mutate" "mutate" "group_by" "summarise" ".External2" "%>%" 
"sample.int" "sample" ".Call" "eval" "mask$eval_all_mutate" "mutate_col" "withCallingHandlers" "mutate_cols" "mutate.data.frame" "mutate" "mutate" "group_by" "summarise" ".External2" "%>%" 
"sample.int" "sample" ".Call" "eval" "mask$eval_all_mutate" "mutate_col" "withCallingHandlers" "mutate_cols" "mutate.data.frame" "mutate" "mutate" "group_by" "summarise" ".External2" "%>%" 
"sample.int" "sample" ".Call" "eval" "mask$eval_all_mutate" "mutate_col" "withCallingHandlers" "mutate_cols" "mutate.data.frame" "mutate" "mutate" "group_by" "summarise" ".External2" "%>%" 
"sample.int" "sample" ".Call" "eval" "mask$eval_all_mutate" "mutate_col" "withCallingHandlers" "mutate_cols" "mutate.data.frame" "mutate" "mutate" "group_by" "summarise" ".External2" "%>%" 
"sample.int" "sample" ".Call" "eval" "mask$eval_all_mutate" "mutate_col" "withCallingHandlers" "mutate_cols" "mutate.data.frame" "mutate" "mutate" "group_by" "summarise" ".External2" "%>%" 
"sample.int" "sample" ".Call" "eval" "mask$eval_all_mutate" "mutate_col" "withCallingHandlers" "mutate_cols" "mutate.data.frame" "mutate" "mutate" "group_by" "summarise" ".External2" "%>%" 
"sample.int" "sample" ".Call" "eval" "mask$eval_all_mutate" "mutate_col" "withCallingHandlers" "mutate_cols" "mutate.data.frame" "mutate" "mutate" "group_by" "summarise" ".External2" "%>%" 
"sample.int" "sample" ".Call" "eval" "mask$eval_all_mutate" "mutate_col" "withCallingHandlers" "mutate_cols" "mutate.data.frame" "mutate" "mutate" "group_by" "summarise" ".External2" "%>%" 
"sample.int" "sample" ".Call" "eval" "mask$eval_all_mutate" "mutate_col" "withCallingHandlers" "mutate_cols" "mutate.data.frame" "mutate" "mutate" "group_by" "summarise" ".External2" "%>%" 
"sample" ".Call" "eval" "mask$eval_all_mutate" "mutate_col" "withCallingHandlers" "mutate_cols" "mutate.data.frame" "mutate" "mutate" "group_by" "summarise" ".External2" "%>%" 
"sample" ".Call" "eval" "mask$eval_all_mutate" "mutate_col" "withCallingHandlers" "mutate_cols" "mutate.data.frame" "mutate" "mutate" "group_by" "summarise" ".External2" "%>%" 
"sample" ".Call" "eval" "mask$eval_all_mutate" "mutate_col" "withCallingHandlers" "mutate_cols" "mutate.data.frame" "mutate" "mutate" "group_by" "summarise" ".External2" "%>%" 
"sample" ".Call" "eval" "mask$eval_all_mutate" "mutate_col" "withCallingHandlers" "mutate_cols" "mutate.data.frame" "mutate" "mutate" "group_by" "summarise" ".External2" "%>%" 
"sample" ".Call" "eval" "mask$eval_all_mutate" "mutate_col" "withCallingHandlers" "mutate_cols" "mutate.data.frame" "mutate" "mutate" "group_by" "summarise" ".External2" "%>%" 
"sample" ".Call" "eval" "mask$eval_all_mutate" "mutate_col" "withCallingHandlers" "mutate_cols" "mutate.data.frame" "mutate" "mutate" "group_by" "summarise" ".External2" "%>%" 
"sample" ".Call" "eval" "mask$eval_all_mutate" "mutate_col" "withCallingHandlers" "mutate_cols" "mutate.data.frame" "mutate" "mutate" "group_by" "summarise" ".External2" "%>%" 
"sample.int" "sample" ".Call" "eval" "mask$eval_all_mutate" "mutate_col" "withCallingHandlers" "mutate_cols" "mutate.data.frame" "mutate" "mutate" "group_by" "summarise" ".External2" "%>%" 
"sample.int" "sample" ".Call" "eval" "mask$eval_all_mutate" "mutate_col" "withCallingHandlers" "mutate_cols" "mutate.data.frame" "mutate" "mutate" "group_by" "summarise" ".External2" "%>%" 
"sample.int" "sample" ".Call" "eval" "mask$eval_all_mutate" "mutate_col" "withCallingHandlers" "mutate_cols" "mutate.data.frame" "mutate" "mutate" "group_by" "summarise" ".External2" "%>%" 
"sample.int" "sample" ".Call" "eval" "mask$eval_all_mutate" "mutate_col" "withCallingHandlers" "mutate_cols" "mutate.data.frame" "mutate" "mutate" "group_by" "summarise" ".External2" "%>%" 
"sample.int" "sample" ".Call" "eval" "mask$eval_all_mutate" "mutate_col" "withCallingHandlers" "mutate_cols" "mutate.data.frame" "mutate" "mutate" "group_by" "summarise" ".External2" "%>%" 
"sample.int" "sample" ".Call" "eval" "mask$eval_all_mutate" "mutate_col" "withCallingHandlers" "mutate_cols" "mutate.data.frame" "mutate" "mutate" "group_by" "summarise" ".External2" "%>%" 
"sample.int" "sample" ".Call" "eval" "mask$eval_all_mutate" "mutate_col" "withCallingHandlers" "mutate_cols" "mutate.data.frame" "mutate" "mutate" "group_by" "summarise" ".External2" "%>%" 
"sample.int" "sample" ".Call" "eval" "mask$eval_all_mutate" "mutate_col" "withCallingHandlers" "mutate_cols" "mutate.data.frame" "mutate" "mutate" "group_by" "summarise" ".External2" "%>%" 
"sample.int" "sample" ".Call" "eval" "mask$eval_all_mutate" "mutate_col" "withCallingHandlers" "mutate_cols" "mutate.data.frame" "mutate" "mutate" "group_by" "summarise" ".External2" "%>%" 
"sample.int" "sample" ".Call" "eval" "mask$eval_all_mutate" "mutate_col" "withCallingHandlers" "mutate_cols" "mutate.data.frame" "mutate" "mutate" "group_by" "summarise" ".External2" "%>%" 
"sample.int" "sample" ".Call" "eval" "mask$eval_all_mutate" "mutate_col" "withCallingHandlers" "mutate_cols" "mutate.data.frame" "mutate" "mutate" "group_by" "summarise" ".External2" "%>%" 
"sample.int" "sample" ".Call" "eval" "mask$eval_all_mutate" "mutate_col" "withCallingHandlers" "mutate_cols" "mutate.data.frame" "mutate" "mutate" "group_by" "summarise" ".External2" "%>%" 
"sample.int" "sample" ".Call" "eval" "mask$eval_all_mutate" "mutate_col" "withCallingHandlers" "mutate_cols" "mutate.data.frame" "mutate" "mutate" "group_by" "summarise" ".External2" "%>%" 
"sample.int" "sample" ".Call" "eval" "mask$eval_all_mutate" "mutate_col" "withCallingHandlers" "mutate_cols" "mutate.data.frame" "mutate" "mutate" "group_by" "summarise" ".External2" "%>%" 
"sample.int" "sample" ".Call" "eval" "mask$eval_all_mutate" "mutate_col" "withCallingHandlers" "mutate_cols" "mutate.data.frame" "mutate" "mutate" "group_by" "summarise" ".External2" "%>%" 
"sample.int" "sample" ".Call" "eval" "mask$eval_all_mutate" "mutate_col" "withCallingHandlers" "mutate_cols" "mutate.data.frame" "mutate" "mutate" "group_by" "summarise" ".External2" "%>%" 
"sample.int" "sample" ".Call" "eval" "mask$eval_all_mutate" "mutate_col" "withCallingHandlers" "mutate_cols" "mutate.data.frame" "mutate" "mutate" "group_by" "summarise" ".External2" "%>%" 
"sample.int" "sample" ".Call" "eval" "mask$eval_all_mutate" "mutate_col" "withCallingHandlers" "mutate_cols" "mutate.data.frame" "mutate" "mutate" "group_by" "summarise" ".External2" "%>%" 
"sample.int" "sample" ".Call" "eval" "mask$eval_all_mutate" "mutate_col" "withCallingHandlers" "mutate_cols" "mutate.data.frame" "mutate" "mutate" "group_by" "summarise" ".External2" "%>%" 
"sample.int" "sample" ".Call" "eval" "mask$eval_all_mutate" "mutate_col" "withCallingHandlers" "mutate_cols" "mutate.data.frame" "mutate" "mutate" "group_by" "summarise" ".External2" "%>%" 
"sample.int" "sample" ".Call" "eval" "mask$eval_all_mutate" "mutate_col" "withCallingHandlers" "mutate_cols" "mutate.data.frame" "mutate" "mutate" "group_by" "summarise" ".External2" "%>%" 
"sample.int" "sample" ".Call" "eval" "mask$eval_all_mutate" "mutate_col" "withCallingHandlers" "mutate_cols" "mutate.data.frame" "mutate" "mutate" "group_by" "summarise" ".External2" "%>%" 
"sample" ".Call" "eval" "mask$eval_all_mutate" "mutate_col" "withCallingHandlers" "mutate_cols" "mutate.data.frame" "mutate" "mutate" "group_by" "summarise" ".External2" "%>%" 
"sample" ".Call" "eval" "mask$eval_all_mutate" "mutate_col" "withCallingHandlers" "mutate_cols" "mutate.data.frame" "mutate" "mutate" "group_by" "summarise" ".External2" "%>%" 
"sample" ".Call" "eval" "mask$eval_all_mutate" "mutate_col" "withCallingHandlers" "mutate_cols" "mutate.data.frame" "mutate" "mutate" "group_by" "summarise" ".External2" "%>%" 
"sample" ".Call" "eval" "mask$eval_all_mutate" "mutate_col" "withCallingHandlers" "mutate_cols" "mutate.data.frame" "mutate" "mutate" "group_by" "summarise" ".External2" "%>%" 
"sample" ".Call" "eval" "mask$eval_all_mutate" "mutate_col" "withCallingHandlers" "mutate_cols" "mutate.data.frame" "mutate" "mutate" "group_by" "summarise" ".External2" "%>%" 
"sample" ".Call" "eval" "mask$eval_all_mutate" "mutate_col" "withCallingHandlers" "mutate_cols" "mutate.data.frame" "mutate" "mutate" "group_by" "summarise" ".External2" "%>%" 
"sample" ".Call" "eval" "mask$eval_all_mutate" "mutate_col" "withCallingHandlers" "mutate_cols" "mutate.data.frame" "mutate" "mutate" "group_by" "summarise" ".External2" "%>%" 
"sample" ".Call" "eval" "mask$eval_all_mutate" "mutate_col" "withCallingHandlers" "mutate_cols" "mutate.data.frame" "mutate" "mutate" "group_by" "summarise" ".External2" "%>%" 
"lazyLoadDBfetch" "is_function" "as_function" ".rlang_purrr_map_mold" "map_lgl" "mutate_cols" "mutate.data.frame" "mutate" "mutate" "group_by" "summarise" ".External2" "%>%" 
"*" ".Call" "eval" "mask$eval_all_mutate" "mutate_col" "withCallingHandlers" "mutate_cols" "mutate.data.frame" "mutate" "group_by" "summarise" ".External2" "%>%" 
"*" ".Call" "eval" "mask$eval_all_mutate" "mutate_col" "withCallingHandlers" "mutate_cols" "mutate.data.frame" "mutate" "group_by" "summarise" ".External2" "%>%" 
"*" ".Call" "eval" "mask$eval_all_mutate" "mutate_col" "withCallingHandlers" "mutate_cols" "mutate.data.frame" "mutate" "group_by" "summarise" ".External2" "%>%" 
"*" ".Call" "eval" "mask$eval_all_mutate" "mutate_col" "withCallingHandlers" "mutate_cols" "mutate.data.frame" "mutate" "group_by" "summarise" ".External2" "%>%" 
"*" ".Call" "eval" "mask$eval_all_mutate" "mutate_col" "withCallingHandlers" "mutate_cols" "mutate.data.frame" "mutate" "group_by" "summarise" ".External2" "%>%" 
"*" ".Call" "eval" "mask$eval_all_mutate" "mutate_col" "withCallingHandlers" "mutate_cols" "mutate.data.frame" "mutate" "group_by" "summarise" ".External2" "%>%" 
"*" ".Call" "eval" "mask$eval_all_mutate" "mutate_col" "withCallingHandlers" "mutate_cols" "mutate.data.frame" "mutate" "group_by" "summarise" ".External2" "%>%" 
"*" ".Call" "eval" "mask$eval_all_mutate" "mutate_col" "withCallingHandlers" "mutate_cols" "mutate.data.frame" "mutate" "group_by" "summarise" ".External2" "%>%" 
"*" ".Call" "eval" "mask$eval_all_mutate" "mutate_col" "withCallingHandlers" "mutate_cols" "mutate.data.frame" "mutate" "group_by" "summarise" ".External2" "%>%" 
"vec_locate_sorted_groups" "dplyr_locate_sorted_groups" "compute_groups" "grouped_df" "group_by.data.frame" "group_by" "summarise" ".External2" "%>%" 
"vec_locate_sorted_groups" "dplyr_locate_sorted_groups" "compute_groups" "grouped_df" "group_by.data.frame" "group_by" "summarise" ".External2" "%>%" 
"vec_locate_sorted_groups" "dplyr_locate_sorted_groups" "compute_groups" "grouped_df" "group_by.data.frame" "group_by" "summarise" ".External2" "%>%" 
"vec_locate_sorted_groups" "dplyr_locate_sorted_groups" "compute_groups" "grouped_df" "group_by.data.frame" "group_by" "summarise" ".External2" "%>%" 
"vec_locate_sorted_groups" "dplyr_locate_sorted_groups" "compute_groups" "grouped_df" "group_by.data.frame" "group_by" "summarise" ".External2" "%>%" 
"vec_locate_sorted_groups" "dplyr_locate_sorted_groups" "compute_groups" "grouped_df" "group_by.data.frame" "group_by" "summarise" ".External2" "%>%" 
"vec_locate_sorted_groups" "dplyr_locate_sorted_groups" "compute_groups" "grouped_df" "group_by.data.frame" "group_by" "summarise" ".External2" "%>%" 
"vec_locate_sorted_groups" "dplyr_locate_sorted_groups" "compute_groups" "grouped_df" "group_by.data.frame" "group_by" "summarise" ".External2" "%>%" 
"vec_locate_sorted_groups" "dplyr_locate_sorted_groups" "compute_groups" "grouped_df" "group_by.data.frame" "group_by" "summarise" ".External2" "%>%" 
"vec_locate_sorted_groups" "dplyr_locate_sorted_groups" "compute_groups" "grouped_df" "group_by.data.frame" "group_by" "summarise" ".External2" "%>%" 
"vec_locate_sorted_groups" "dplyr_locate_sorted_groups" "compute_groups" "grouped_df" "group_by.data.frame" "group_by" "summarise" ".External2" "%>%" 
"vec_locate_sorted_groups" "dplyr_locate_sorted_groups" "compute_groups" "grouped_df" "group_by.data.frame" "group_by" "summarise" ".External2" "%>%" 
"vec_locate_sorted_groups" "dplyr_locate_sorted_groups" "compute_groups" "grouped_df" "group_by.data.frame" "group_by" "summarise" ".External2" "%>%" 
"vec_locate_sorted_groups" "dplyr_locate_sorted_groups" "compute_groups" "grouped_df" "group_by.data.frame" "group_by" "summarise" ".External2" "%>%" 
"vec_locate_sorted_groups" "dplyr_locate_sorted_groups" "compute_groups" "grouped_df" "group_by.data.frame" "group_by" "summarise" ".External2" "%>%" 
"vec_locate_sorted_groups" "dplyr_locate_sorted_groups" "compute_groups" "grouped_df" "group_by.data.frame" "group_by" "summarise" ".External2" "%>%" 
"vec_locate_sorted_groups" "dplyr_locate_sorted_groups" "compute_groups" "grouped_df" "group_by.data.frame" "group_by" "summarise" ".External2" "%>%" 
"vec_locate_sorted_groups" "dplyr_locate_sorted_groups" "compute_groups" "grouped_df" "group_by.data.frame" "group_by" "summarise" ".External2" "%>%" 
"vec_locate_sorted_groups" "dplyr_locate_sorted_groups" "compute_groups" "grouped_df" "group_by.data.frame" "group_by" "summarise" ".External2" "%>%" 
"vec_locate_sorted_groups" "dplyr_locate_sorted_groups" "compute_groups" "grouped_df" "group_by.data.frame" "group_by" "summarise" ".External2" "%>%" 
"vec_locate_sorted_groups" "dplyr_locate_sorted_groups" "compute_groups" "grouped_df" "group_by.data.frame" "group_by" "summarise" ".External2" "%>%" 
"vec_locate_sorted_groups" "dplyr_locate_sorted_groups" "compute_groups" "grouped_df" "group_by.data.frame" "group_by" "summarise" ".External2" "%>%" 
"vec_locate_sorted_groups" "dplyr_locate_sorted_groups" "compute_groups" "grouped_df" "group_by.data.frame" "group_by" "summarise" ".External2" "%>%" 
"vec_locate_sorted_groups" "dplyr_locate_sorted_groups" "compute_groups" "grouped_df" "group_by.data.frame" "group_by" "summarise" ".External2" "%>%" 
"vec_locate_sorted_groups" "dplyr_locate_sorted_groups" "compute_groups" "grouped_df" "group_by.data.frame" "group_by" "summarise" ".External2" "%>%" 
"vec_locate_sorted_groups" "dplyr_locate_sorted_groups" "compute_groups" "grouped_df" "group_by.data.frame" "group_by" "summarise" ".External2" "%>%" 
"vec_locate_sorted_groups" "dplyr_locate_sorted_groups" "compute_groups" "grouped_df" "group_by.data.frame" "group_by" "summarise" ".External2" "%>%" 
"vec_locate_sorted_groups" "dplyr_locate_sorted_groups" "compute_groups" "grouped_df" "group_by.data.frame" "group_by" "summarise" ".External2" "%>%" 
"vec_locate_sorted_groups" "dplyr_locate_sorted_groups" "compute_groups" "grouped_df" "group_by.data.frame" "group_by" "summarise" ".External2" "%>%" 
"vec_locate_sorted_groups" "dplyr_locate_sorted_groups" "compute_groups" "grouped_df" "group_by.data.frame" "group_by" "summarise" ".External2" "%>%" 
"vec_locate_sorted_groups" "dplyr_locate_sorted_groups" "compute_groups" "grouped_df" "group_by.data.frame" "group_by" "summarise" ".External2" "%>%" 
"vec_locate_sorted_groups" "dplyr_locate_sorted_groups" "compute_groups" "grouped_df" "group_by.data.frame" "group_by" "summarise" ".External2" "%>%" 
"vec_locate_sorted_groups" "dplyr_locate_sorted_groups" "compute_groups" "grouped_df" "group_by.data.frame" "group_by" "summarise" ".External2" "%>%" 
"vec_locate_sorted_groups" "dplyr_locate_sorted_groups" "compute_groups" "grouped_df" "group_by.data.frame" "group_by" "summarise" ".External2" "%>%" 
"vec_locate_sorted_groups" "dplyr_locate_sorted_groups" "compute_groups" "grouped_df" "group_by.data.frame" "group_by" "summarise" ".External2" "%>%" 
"vec_locate_sorted_groups" "dplyr_locate_sorted_groups" "compute_groups" "grouped_df" "group_by.data.frame" "group_by" "summarise" ".External2" "%>%" 
"vec_locate_sorted_groups" "dplyr_locate_sorted_groups" "compute_groups" "grouped_df" "group_by.data.frame" "group_by" "summarise" ".External2" "%>%" 
"vec_locate_sorted_groups" "dplyr_locate_sorted_groups" "compute_groups" "grouped_df" "group_by.data.frame" "group_by" "summarise" ".External2" "%>%" 
"vec_locate_sorted_groups" "dplyr_locate_sorted_groups" "compute_groups" "grouped_df" "group_by.data.frame" "group_by" "summarise" ".External2" "%>%" 
"vec_locate_sorted_groups" "dplyr_locate_sorted_groups" "compute_groups" "grouped_df" "group_by.data.frame" "group_by" "summarise" ".External2" "%>%" 
"vec_set_attributes" "new_vctr" "new_list_of0" "new_list_of" "dplyr_locate_sorted_groups" "compute_groups" "grouped_df" "group_by.data.frame" "group_by" "summarise" ".External2" "%>%" 
"vec_set_attributes" "new_vctr" "new_list_of0" "new_list_of" "dplyr_locate_sorted_groups" "compute_groups" "grouped_df" "group_by.data.frame" "group_by" "summarise" ".External2" "%>%" 
"unclass" "vec_proxy" "<Anonymous>" "obj_is_vector" "vec_is" "FUN" "vapply" "map_mold" "map_lgl" "which" "check_valid_cols" "check_valid_col" "tibble_quos" "tibble" "compute_groups" "grouped_df" "group_by.data.frame" "group_by" "summarise" ".External2" "%>%" 
"unclass" "vec_proxy" "<Anonymous>" "vec_size" "tibble_quos" "tibble" "compute_groups" "grouped_df" "group_by.data.frame" "group_by" "summarise" ".External2" "%>%" 
"unclass" "vec_proxy" "<Anonymous>" "vec_size" "vectbl_recycle_rows" "tibble_quos" "tibble" "compute_groups" "grouped_df" "group_by.data.frame" "group_by" "summarise" ".External2" "%>%" 
"new_tibble" "new_grouped_df" "grouped_df" "group_by.data.frame" "group_by" "summarise" ".External2" "%>%" 
"validate_grouped_df" "withCallingHandlers" "group_data.grouped_df" "group_data" "setdiff" "group_vars.data.frame" "group_vars" "compute_by" "summarise.grouped_df" "summarise" ".External2" "%>%" 
"new_tibble" "new_grouped_df" "names<-.grouped_df" "names<-" "names<-" "initialize" "DataMask$new" "summarise_cols" "summarise.grouped_df" "summarise" ".External2" "%>%" 
"<Anonymous>" "<Anonymous>" ".Call" "eval" "mask$eval_all_summarise" "FUN" "lapply" "map" "withCallingHandlers" "summarise_cols" "summarise.grouped_df" "summarise" ".External2" "%>%" 
"<Anonymous>" "<Anonymous>" ".Call" "eval" "mask$eval_all_summarise" "FUN" "lapply" "map" "withCallingHandlers" "summarise_cols" "summarise.grouped_df" "summarise" ".External2" "%>%" 
"<Anonymous>" "<Anonymous>" ".Call" "eval" "mask$eval_all_summarise" "FUN" "lapply" "map" "withCallingHandlers" "summarise_cols" "summarise.grouped_df" "summarise" ".External2" "%>%" 
"<Anonymous>" "<Anonymous>" ".Call" "eval" "mask$eval_all_summarise" "FUN" "lapply" "map" "withCallingHandlers" "summarise_cols" "summarise.grouped_df" "summarise" ".External2" "%>%" 
"<Anonymous>" "<Anonymous>" ".Call" "eval" "mask$eval_all_summarise" "FUN" "lapply" "map" "withCallingHandlers" "summarise_cols" "summarise.grouped_df" "summarise" ".External2" "%>%" 
"<Anonymous>" "<Anonymous>" ".Call" "eval" "mask$eval_all_summarise" "FUN" "lapply" "map" "withCallingHandlers" "summarise_cols" "summarise.grouped_df" "summarise" ".External2" "%>%" 
"<Anonymous>" "<Anonymous>" ".Call" "eval" "mask$eval_all_summarise" "FUN" "lapply" "map" "withCallingHandlers" "summarise_cols" "summarise.grouped_df" "summarise" ".External2" "%>%" 
"<Anonymous>" "<Anonymous>" ".Call" "eval" "mask$eval_all_summarise" "FUN" "lapply" "map" "withCallingHandlers" "summarise_cols" "summarise.grouped_df" "summarise" ".External2" "%>%" 
"<Anonymous>" "<Anonymous>" ".Call" "eval" "mask$eval_all_summarise" "FUN" "lapply" "map" "withCallingHandlers" "summarise_cols" "summarise.grouped_df" "summarise" ".External2" "%>%" 
"<Anonymous>" "<Anonymous>" ".Call" "eval" "mask$eval_all_summarise" "FUN" "lapply" "map" "withCallingHandlers" "summarise_cols" "summarise.grouped_df" "summarise" ".External2" "%>%" 
"<Anonymous>" "<Anonymous>" ".Call" "eval" "mask$eval_all_summarise" "FUN" "lapply" "map" "withCallingHandlers" "summarise_cols" "summarise.grouped_df" "summarise" ".External2" "%>%" 
"<Anonymous>" "<Anonymous>" ".Call" "eval" "mask$eval_all_summarise" "FUN" "lapply" "map" "withCallingHandlers" "summarise_cols" "summarise.grouped_df" "summarise" ".External2" "%>%" 
"<Anonymous>" "<Anonymous>" ".Call" "eval" "mask$eval_all_summarise" "FUN" "lapply" "map" "withCallingHandlers" "summarise_cols" "summarise.grouped_df" "summarise" ".External2" "%>%" 
"<Anonymous>" "<Anonymous>" ".Call" "eval" "mask$eval_all_summarise" "FUN" "lapply" "map" "withCallingHandlers" "summarise_cols" "summarise.grouped_df" "summarise" ".External2" "%>%" 
"<Anonymous>" "<Anonymous>" ".Call" "eval" "mask$eval_all_summarise" "FUN" "lapply" "map" "withCallingHandlers" "summarise_cols" "summarise.grouped_df" "summarise" ".External2" "%>%" 
"<Anonymous>" "<Anonymous>" ".Call" "eval" "mask$eval_all_summarise" "FUN" "lapply" "map" "withCallingHandlers" "summarise_cols" "summarise.grouped_df" "summarise" ".External2" "%>%" 
"<Anonymous>" "<Anonymous>" ".Call" "eval" "mask$eval_all_summarise" "FUN" "lapply" "map" "withCallingHandlers" "summarise_cols" "summarise.grouped_df" "summarise" ".External2" "%>%" 
"<Anonymous>" "<Anonymous>" ".Call" "eval" "mask$eval_all_summarise" "FUN" "lapply" "map" "withCallingHandlers" "summarise_cols" "summarise.grouped_df" "summarise" ".External2" "%>%" 
"<Anonymous>" "<Anonymous>" ".Call" "eval" "mask$eval_all_summarise" "FUN" "lapply" "map" "withCallingHandlers" "summarise_cols" "summarise.grouped_df" "summarise" ".External2" "%>%" 
"<Anonymous>" "<Anonymous>" ".Call" "eval" "mask$eval_all_summarise" "FUN" "lapply" "map" "withCallingHandlers" "summarise_cols" "summarise.grouped_df" "summarise" ".External2" "%>%" 
"<Anonymous>" "<Anonymous>" ".Call" "eval" "mask$eval_all_summarise" "FUN" "lapply" "map" "withCallingHandlers" "summarise_cols" "summarise.grouped_df" "summarise" ".External2" "%>%" 
"<Anonymous>" "<Anonymous>" ".Call" "eval" "mask$eval_all_summarise" "FUN" "lapply" "map" "withCallingHandlers" "summarise_cols" "summarise.grouped_df" "summarise" ".External2" "%>%" 
"<Anonymous>" "<Anonymous>" ".Call" "eval" "mask$eval_all_summarise" "FUN" "lapply" "map" "withCallingHandlers" "summarise_cols" "summarise.grouped_df" "summarise" ".External2" "%>%" 
"<Anonymous>" "<Anonymous>" ".Call" "eval" "mask$eval_all_summarise" "FUN" "lapply" "map" "withCallingHandlers" "summarise_cols" "summarise.grouped_df" "summarise" ".External2" "%>%" 
"<Anonymous>" "<Anonymous>" ".Call" "eval" "mask$eval_all_summarise" "FUN" "lapply" "map" "withCallingHandlers" "summarise_cols" "summarise.grouped_df" "summarise" ".External2" "%>%" 
"<Anonymous>" "<Anonymous>" ".Call" "eval" "mask$eval_all_summarise" "FUN" "lapply" "map" "withCallingHandlers" "summarise_cols" "summarise.grouped_df" "summarise" ".External2" "%>%" 
"<Anonymous>" "<Anonymous>" ".Call" "eval" "mask$eval_all_summarise" "FUN" "lapply" "map" "withCallingHandlers" "summarise_cols" "summarise.grouped_df" "summarise" ".External2" "%>%" 
"<Anonymous>" "<Anonymous>" ".Call" "eval" "mask$eval_all_summarise" "FUN" "lapply" "map" "withCallingHandlers" "summarise_cols" "summarise.grouped_df" "summarise" ".External2" "%>%" 
"<Anonymous>" "<Anonymous>" ".Call" "eval" "mask$eval_all_summarise" "FUN" "lapply" "map" "withCallingHandlers" "summarise_cols" "summarise.grouped_df" "summarise" ".External2" "%>%" 
"<Anonymous>" "<Anonymous>" ".Call" "eval" "mask$eval_all_summarise" "FUN" "lapply" "map" "withCallingHandlers" "summarise_cols" "summarise.grouped_df" "summarise" ".External2" "%>%" 
"<Anonymous>" "<Anonymous>" ".Call" "eval" "mask$eval_all_summarise" "FUN" "lapply" "map" "withCallingHandlers" "summarise_cols" "summarise.grouped_df" "summarise" ".External2" "%>%" 
"<Anonymous>" "<Anonymous>" ".Call" "eval" "mask$eval_all_summarise" "FUN" "lapply" "map" "withCallingHandlers" "summarise_cols" "summarise.grouped_df" "summarise" ".External2" "%>%" 
"<Anonymous>" "<Anonymous>" ".Call" "eval" "mask$eval_all_summarise" "FUN" "lapply" "map" "withCallingHandlers" "summarise_cols" "summarise.grouped_df" "summarise" ".External2" "%>%" 
"<Anonymous>" "<Anonymous>" ".Call" "eval" "mask$eval_all_summarise" "FUN" "lapply" "map" "withCallingHandlers" "summarise_cols" "summarise.grouped_df" "summarise" ".External2" "%>%" 
"<Anonymous>" "<Anonymous>" ".Call" "eval" "mask$eval_all_summarise" "FUN" "lapply" "map" "withCallingHandlers" "summarise_cols" "summarise.grouped_df" "summarise" ".External2" "%>%" 
"<Anonymous>" "<Anonymous>" ".Call" "eval" "mask$eval_all_summarise" "FUN" "lapply" "map" "withCallingHandlers" "summarise_cols" "summarise.grouped_df" "summarise" ".External2" "%>%" 
"<Anonymous>" "<Anonymous>" ".Call" "eval" "mask$eval_all_summarise" "FUN" "lapply" "map" "withCallingHandlers" "summarise_cols" "summarise.grouped_df" "summarise" ".External2" "%>%" 
"<Anonymous>" "<Anonymous>" ".Call" "eval" "mask$eval_all_summarise" "FUN" "lapply" "map" "withCallingHandlers" "summarise_cols" "summarise.grouped_df" "summarise" ".External2" "%>%" 
"<Anonymous>" "<Anonymous>" ".Call" "eval" "mask$eval_all_summarise" "FUN" "lapply" "map" "withCallingHandlers" "summarise_cols" "summarise.grouped_df" "summarise" ".External2" "%>%" 
"<Anonymous>" "<Anonymous>" ".Call" "eval" "mask$eval_all_summarise" "FUN" "lapply" "map" "withCallingHandlers" "summarise_cols" "summarise.grouped_df" "summarise" ".External2" "%>%" 
".Call" "eval" "mask$eval_all_summarise" "FUN" "lapply" "map" "withCallingHandlers" "summarise_cols" "summarise.grouped_df" "summarise" ".External2" "%>%" 
"sum" ".Call" "eval" "mask$eval_all_summarise" "FUN" "lapply" "map" "withCallingHandlers" "summarise_cols" "summarise.grouped_df" "summarise" ".External2" "%>%" 
".Call" "eval" "mask$eval_all_summarise" "FUN" "lapply" "map" "withCallingHandlers" "summarise_cols" "summarise.grouped_df" "summarise" ".External2" "%>%" 
".Call" "eval" "mask$eval_all_summarise" "FUN" "lapply" "map" "withCallingHandlers" "summarise_cols" "summarise.grouped_df" "summarise" ".External2" "%>%" 
".Call" "eval" "mask$eval_all_summarise" "FUN" "lapply" "map" "withCallingHandlers" "summarise_cols" "summarise.grouped_df" "summarise" ".External2" "%>%" 
".Call" "eval" "mask$eval_all_summarise" "FUN" "lapply" "map" "withCallingHandlers" "summarise_cols" "summarise.grouped_df" "summarise" ".External2" "%>%" 
"sum" ".Call" "eval" "mask$eval_all_summarise" "FUN" "lapply" "map" "withCallingHandlers" "summarise_cols" "summarise.grouped_df" "summarise" ".External2" "%>%" 
".Call" "eval" "mask$eval_all_summarise" "FUN" "lapply" "map" "withCallingHandlers" "summarise_cols" "summarise.grouped_df" "summarise" ".External2" "%>%" 
".Call" "eval" "mask$eval_all_summarise" "FUN" "lapply" "map" "withCallingHandlers" "summarise_cols" "summarise.grouped_df" "summarise" ".External2" "%>%" 
"sum" ".Call" "eval" "mask$eval_all_summarise" "FUN" "lapply" "map" "withCallingHandlers" "summarise_cols" "summarise.grouped_df" "summarise" ".External2" "%>%" 
".Call" "eval" "mask$eval_all_summarise" "FUN" "lapply" "map" "withCallingHandlers" "summarise_cols" "summarise.grouped_df" "summarise" ".External2" "%>%" 
".Call" "eval" "mask$eval_all_summarise" "FUN" "lapply" "map" "withCallingHandlers" "summarise_cols" "summarise.grouped_df" "summarise" ".External2" "%>%" 
"sum" ".Call" "eval" "mask$eval_all_summarise" "FUN" "lapply" "map" "withCallingHandlers" "summarise_cols" "summarise.grouped_df" "summarise" ".External2" "%>%" 
".Call" "eval" "mask$eval_all_summarise" "FUN" "lapply" "map" "withCallingHandlers" "summarise_cols" "summarise.grouped_df" "summarise" ".External2" "%>%" 
".Call" "eval" "mask$eval_all_summarise" "FUN" "lapply" "map" "withCallingHandlers" "summarise_cols" "summarise.grouped_df" "summarise" ".External2" "%>%" 
".Call" "eval" "mask$eval_all_summarise" "FUN" "lapply" "map" "withCallingHandlers" "summarise_cols" "summarise.grouped_df" "summarise" ".External2" "%>%" 
"sum" ".Call" "eval" "mask$eval_all_summarise" "FUN" "lapply" "map" "withCallingHandlers" "summarise_cols" "summarise.grouped_df" "summarise" ".External2" "%>%" 
"sum" ".Call" "eval" "mask$eval_all_summarise" "FUN" "lapply" "map" "withCallingHandlers" "summarise_cols" "summarise.grouped_df" "summarise" ".External2" "%>%" 
".Call" "eval" "mask$eval_all_summarise" "FUN" "lapply" "map" "withCallingHandlers" "summarise_cols" "summarise.grouped_df" "summarise" ".External2" "%>%" 
"<Anonymous>" "<Anonymous>" ".Call" "eval" "mask$eval_all_summarise" "FUN" "lapply" "map" "withCallingHandlers" "summarise_cols" "summarise.grouped_df" "summarise" ".External2" "%>%" 
"sum" ".Call" "eval" "mask$eval_all_summarise" "FUN" "lapply" "map" "withCallingHandlers" "summarise_cols" "summarise.grouped_df" "summarise" ".External2" "%>%" 
"sum" ".Call" "eval" "mask$eval_all_summarise" "FUN" "lapply" "map" "withCallingHandlers" "summarise_cols" "summarise.grouped_df" "summarise" ".External2" "%>%" 
".Call" "eval" "mask$eval_all_summarise" "FUN" "lapply" "map" "withCallingHandlers" "summarise_cols" "summarise.grouped_df" "summarise" ".External2" "%>%" 
".Call" "eval" "mask$eval_all_summarise" "FUN" "lapply" "map" "withCallingHandlers" "summarise_cols" "summarise.grouped_df" "summarise" ".External2" "%>%" 
"sum" ".Call" "eval" "mask$eval_all_summarise" "FUN" "lapply" "map" "withCallingHandlers" "summarise_cols" "summarise.grouped_df" "summarise" ".External2" "%>%" 
".Call" "eval" "mask$eval_all_summarise" "FUN" "lapply" "map" "withCallingHandlers" "summarise_cols" "summarise.grouped_df" "summarise" ".External2" "%>%" 
"<Anonymous>" ".Call" "eval" "mask$eval_all_summarise" "FUN" "lapply" "map" "withCallingHandlers" "summarise_cols" "summarise.grouped_df" "summarise" ".External2" "%>%" 
".Call" "eval" "mask$eval_all_summarise" "FUN" "lapply" "map" "withCallingHandlers" "summarise_cols" "summarise.grouped_df" "summarise" ".External2" "%>%" 
".Call" "eval" "mask$eval_all_summarise" "FUN" "lapply" "map" "withCallingHandlers" "summarise_cols" "summarise.grouped_df" "summarise" ".External2" "%>%" 
"<Anonymous>" ".Call" "eval" "mask$eval_all_summarise" "FUN" "lapply" "map" "withCallingHandlers" "summarise_cols" "summarise.grouped_df" "summarise" ".External2" "%>%" 
".Call" "eval" "mask$eval_all_summarise" "FUN" "lapply" "map" "withCallingHandlers" "summarise_cols" "summarise.grouped_df" "summarise" ".External2" "%>%" 
".Call" "eval" "mask$eval_all_summarise" "FUN" "lapply" "map" "withCallingHandlers" "summarise_cols" "summarise.grouped_df" "summarise" ".External2" "%>%" 
"<Anonymous>" ".Call" "eval" "mask$eval_all_summarise" "FUN" "lapply" "map" "withCallingHandlers" "summarise_cols" "summarise.grouped_df" "summarise" ".External2" "%>%" 
".Call" "eval" "mask$eval_all_summarise" "FUN" "lapply" "map" "withCallingHandlers" "summarise_cols" "summarise.grouped_df" "summarise" ".External2" "%>%" 
"<Anonymous>" ".Call" "eval" "mask$eval_all_summarise" "FUN" "lapply" "map" "withCallingHandlers" "summarise_cols" "summarise.grouped_df" "summarise" ".External2" "%>%" 
".Call" "eval" "mask$eval_all_summarise" "FUN" "lapply" "map" "withCallingHandlers" "summarise_cols" "summarise.grouped_df" "summarise" ".External2" "%>%" 
".Call" "eval" "mask$eval_all_summarise" "FUN" "lapply" "map" "withCallingHandlers" "summarise_cols" "summarise.grouped_df" "summarise" ".External2" "%>%" 
".Call" "eval" "mask$eval_all_summarise" "FUN" "lapply" "map" "withCallingHandlers" "summarise_cols" "summarise.grouped_df" "summarise" ".External2" "%>%" 
".Call" "eval" "mask$eval_all_summarise" "FUN" "lapply" "map" "withCallingHandlers" "summarise_cols" "summarise.grouped_df" "summarise" ".External2" "%>%" 
".Call" "eval" "mask$eval_all_summarise" "FUN" "lapply" "map" "withCallingHandlers" "summarise_cols" "summarise.grouped_df" "summarise" ".External2" "%>%" 
"sum" ".Call" "eval" "mask$eval_all_summarise" "FUN" "lapply" "map" "withCallingHandlers" "summarise_cols" "summarise.grouped_df" "summarise" ".External2" "%>%" 
".Call" "eval" "mask$eval_all_summarise" "FUN" "lapply" "map" "withCallingHandlers" "summarise_cols" "summarise.grouped_df" "summarise" ".External2" "%>%" 
".Call" "eval" "mask$eval_all_summarise" "FUN" "lapply" "map" "withCallingHandlers" "summarise_cols" "summarise.grouped_df" "summarise" ".External2" "%>%" 
"<Anonymous>" ".Call" "eval" "mask$eval_all_summarise" "FUN" "lapply" "map" "withCallingHandlers" "summarise_cols" "summarise.grouped_df" "summarise" ".External2" "%>%" 
".Call" "eval" "mask$eval_all_summarise" "FUN" "lapply" "map" "withCallingHandlers" "summarise_cols" "summarise.grouped_df" "summarise" ".External2" "%>%" 
"sum" ".Call" "eval" "mask$eval_all_summarise" "FUN" "lapply" "map" "withCallingHandlers" "summarise_cols" "summarise.grouped_df" "summarise" ".External2" "%>%" 
"sum" ".Call" "eval" "mask$eval_all_summarise" "FUN" "lapply" "map" "withCallingHandlers" "summarise_cols" "summarise.grouped_df" "summarise" ".External2" "%>%" 
".Call" "eval" "mask$eval_all_summarise" "FUN" "lapply" "map" "withCallingHandlers" "summarise_cols" "summarise.grouped_df" "summarise" ".External2" "%>%" 
".Call" "eval" "mask$eval_all_summarise" "FUN" "lapply" "map" "withCallingHandlers" "summarise_cols" "summarise.grouped_df" "summarise" ".External2" "%>%" 
"<Anonymous>" ".Call" "eval" "mask$eval_all_summarise" "FUN" "lapply" "map" "withCallingHandlers" "summarise_cols" "summarise.grouped_df" "summarise" ".External2" "%>%" 
"<Anonymous>" ".Call" "eval" "mask$eval_all_summarise" "FUN" "lapply" "map" "withCallingHandlers" "summarise_cols" "summarise.grouped_df" "summarise" ".External2" "%>%" 
"sum" ".Call" "eval" "mask$eval_all_summarise" "FUN" "lapply" "map" "withCallingHandlers" "summarise_cols" "summarise.grouped_df" "summarise" ".External2" "%>%" 
".Call" "eval" "mask$eval_all_summarise" "FUN" "lapply" "map" "withCallingHandlers" "summarise_cols" "summarise.grouped_df" "summarise" ".External2" "%>%" 
"sum" ".Call" "eval" "mask$eval_all_summarise" "FUN" "lapply" "map" "withCallingHandlers" "summarise_cols" "summarise.grouped_df" "summarise" ".External2" "%>%" 
".Call" "eval" "mask$eval_all_summarise" "FUN" "lapply" "map" "withCallingHandlers" "summarise_cols" "summarise.grouped_df" "summarise" ".External2" "%>%" 
".Call" "eval" "mask$eval_all_summarise" "FUN" "lapply" "map" "withCallingHandlers" "summarise_cols" "summarise.grouped_df" "summarise" ".External2" "%>%" 
".Call" "eval" "mask$eval_all_summarise" "FUN" "lapply" "map" "withCallingHandlers" "summarise_cols" "summarise.grouped_df" "summarise" ".External2" "%>%" 
".Call" "eval" "mask$eval_all_summarise" "FUN" "lapply" "map" "withCallingHandlers" "summarise_cols" "summarise.grouped_df" "summarise" ".External2" "%>%" 
".Call" "eval" "mask$eval_all_summarise" "FUN" "lapply" "map" "withCallingHandlers" "summarise_cols" "summarise.grouped_df" "summarise" ".External2" "%>%" 
".Call" "eval" "mask$eval_all_summarise" "FUN" "lapply" "map" "withCallingHandlers" "summarise_cols" "summarise.grouped_df" "summarise" ".External2" "%>%" 
"<Anonymous>" "<Anonymous>" ".Call" "eval" "mask$eval_all_summarise" "FUN" "lapply" "map" "withCallingHandlers" "summarise_cols" "summarise.grouped_df" "summarise" ".External2" "%>%" 
".Call" "eval" "mask$eval_all_summarise" "FUN" "lapply" "map" "withCallingHandlers" "summarise_cols" "summarise.grouped_df" "summarise" ".External2" "%>%" 
".Call" "eval" "mask$eval_all_summarise" "FUN" "lapply" "map" "withCallingHandlers" "summarise_cols" "summarise.grouped_df" "summarise" ".External2" "%>%" 
"<Anonymous>" "<Anonymous>" ".Call" "eval" "mask$eval_all_summarise" "FUN" "lapply" "map" "withCallingHandlers" "summarise_cols" "summarise.grouped_df" "summarise" ".External2" "%>%" 
".Call" "eval" "mask$eval_all_summarise" "FUN" "lapply" "map" "withCallingHandlers" "summarise_cols" "summarise.grouped_df" "summarise" ".External2" "%>%" 
".Call" "eval" "mask$eval_all_summarise" "FUN" "lapply" "map" "withCallingHandlers" "summarise_cols" "summarise.grouped_df" "summarise" ".External2" "%>%" 
".Call" "eval" "mask$eval_all_summarise" "FUN" "lapply" "map" "withCallingHandlers" "summarise_cols" "summarise.grouped_df" "summarise" ".External2" "%>%" 
".Call" "eval" "mask$eval_all_summarise" "FUN" "lapply" "map" "withCallingHandlers" "summarise_cols" "summarise.grouped_df" "summarise" ".External2" "%>%" 
".Call" "eval" "mask$eval_all_summarise" "FUN" "lapply" "map" "withCallingHandlers" "summarise_cols" "summarise.grouped_df" "summarise" ".External2" "%>%" 
"sum" ".Call" "eval" "mask$eval_all_summarise" "FUN" "lapply" "map" "withCallingHandlers" "summarise_cols" "summarise.grouped_df" "summarise" ".External2" "%>%" 
"sum" ".Call" "eval" "mask$eval_all_summarise" "FUN" "lapply" "map" "withCallingHandlers" "summarise_cols" "summarise.grouped_df" "summarise" ".External2" "%>%" 
".Call" "eval" "mask$eval_all_summarise" "FUN" "lapply" "map" "withCallingHandlers" "summarise_cols" "summarise.grouped_df" "summarise" ".External2" "%>%" 
".Call" "eval" "mask$eval_all_summarise" "FUN" "lapply" "map" "withCallingHandlers" "summarise_cols" "summarise.grouped_df" "summarise" ".External2" "%>%" 
"sum" ".Call" "eval" "mask$eval_all_summarise" "FUN" "lapply" "map" "withCallingHandlers" "summarise_cols" "summarise.grouped_df" "summarise" ".External2" "%>%" 
".Call" "eval" "mask$eval_all_summarise" "FUN" "lapply" "map" "withCallingHandlers" "summarise_cols" "summarise.grouped_df" "summarise" ".External2" "%>%" 
".Call" "eval" "mask$eval_all_summarise" "FUN" "lapply" "map" "withCallingHandlers" "summarise_cols" "summarise.grouped_df" "summarise" ".External2" "%>%" 
".Call" "eval" "mask$eval_all_summarise" "FUN" "lapply" "map" "withCallingHandlers" "summarise_cols" "summarise.grouped_df" "summarise" ".External2" "%>%" 
".External2" "vec_ptype_common" "withCallingHandlers" "dplyr_vec_ptype_common" "FUN" "lapply" "map" "withCallingHandlers" "summarise_cols" "summarise.grouped_df" "summarise" ".External2" "%>%" 
".External2" "vec_ptype_common" "withCallingHandlers" "dplyr_vec_ptype_common" "FUN" "lapply" "map" "withCallingHandlers" "summarise_cols" "summarise.grouped_df" "summarise" ".External2" "%>%" 
".External2" "vec_ptype_common" "withCallingHandlers" "dplyr_vec_ptype_common" "FUN" "lapply" "map" "withCallingHandlers" "summarise_cols" "summarise.grouped_df" "summarise" ".External2" "%>%" 
".External2" "vec_ptype_common" "withCallingHandlers" "dplyr_vec_ptype_common" "FUN" "lapply" "map" "withCallingHandlers" "summarise_cols" "summarise.grouped_df" "summarise" ".External2" "%>%" 
".External2" "vec_cast_common" "FUN" "lapply" "map" "withCallingHandlers" "summarise_cols" "summarise.grouped_df" "summarise" ".External2" "%>%" 
".External2" "vec_cast_common" "FUN" "lapply" "map" "withCallingHandlers" "summarise_cols" "summarise.grouped_df" "summarise" ".External2" "%>%" 
".External2" "vec_cast_common" "FUN" "lapply" "map" "withCallingHandlers" "summarise_cols" "summarise.grouped_df" "summarise" ".External2" "%>%" 
".External2" "vec_c" "FUN" "lapply" "map" "withCallingHandlers" "summarise_cols" "summarise.grouped_df" "summarise" ".External2" "%>%" 
".External2" "vec_c" "FUN" "lapply" "map" "withCallingHandlers" "summarise_cols" "summarise.grouped_df" "summarise" ".External2" "%>%" 
".External2" "vec_c" "FUN" "lapply" "map" "withCallingHandlers" "summarise_cols" "summarise.grouped_df" "summarise" ".External2" "%>%" 
".External2" "vec_c" "FUN" "lapply" "map" "withCallingHandlers" "summarise_cols" "summarise.grouped_df" "summarise" ".External2" "%>%" 
".External2" "vec_c" "FUN" "lapply" "map" "withCallingHandlers" "summarise_cols" "summarise.grouped_df" "summarise" ".External2" "%>%" 
".External2" "vec_c" "FUN" "lapply" "map" "withCallingHandlers" "summarise_cols" "summarise.grouped_df" "summarise" ".External2" "%>%" 
".External2" "vec_c" "FUN" "lapply" "map" "withCallingHandlers" "summarise_cols" "summarise.grouped_df" "summarise" ".External2" "%>%" 
".External2" "vec_c" "FUN" "lapply" "map" "withCallingHandlers" "summarise_cols" "summarise.grouped_df" "summarise" ".External2" "%>%" 
".External2" "vec_c" "FUN" "lapply" "map" "withCallingHandlers" "summarise_cols" "summarise.grouped_df" "summarise" ".External2" "%>%" 
".External2" "vec_c" "FUN" "lapply" "map" "withCallingHandlers" "summarise_cols" "summarise.grouped_df" "summarise" ".External2" "%>%" 
".External2" "vec_c" "FUN" "lapply" "map" "withCallingHandlers" "summarise_cols" "summarise.grouped_df" "summarise" ".External2" "%>%" 
".External2" "vec_c" "FUN" "lapply" "map" "withCallingHandlers" "summarise_cols" "summarise.grouped_df" "summarise" ".External2" "%>%" 
"<Anonymous>" "<Anonymous>" ".Call" "eval" "mask$eval_all_summarise" "FUN" "lapply" "map" "withCallingHandlers" "summarise_cols" "summarise.grouped_df" "summarise" ".External2" "%>%" 
"<Anonymous>" "<Anonymous>" ".Call" "eval" "mask$eval_all_summarise" "FUN" "lapply" "map" "withCallingHandlers" "summarise_cols" "summarise.grouped_df" "summarise" ".External2" "%>%" 
"<Anonymous>" "<Anonymous>" ".Call" "eval" "mask$eval_all_summarise" "FUN" "lapply" "map" "withCallingHandlers" "summarise_cols" "summarise.grouped_df" "summarise" ".External2" "%>%" 
"<Anonymous>" "<Anonymous>" ".Call" "eval" "mask$eval_all_summarise" "FUN" "lapply" "map" "withCallingHandlers" "summarise_cols" "summarise.grouped_df" "summarise" ".External2" "%>%" 
"<Anonymous>" "<Anonymous>" ".Call" "eval" "mask$eval_all_summarise" "FUN" "lapply" "map" "withCallingHandlers" "summarise_cols" "summarise.grouped_df" "summarise" ".External2" "%>%" 
"<Anonymous>" "<Anonymous>" ".Call" "eval" "mask$eval_all_summarise" "FUN" "lapply" "map" "withCallingHandlers" "summarise_cols" "summarise.grouped_df" "summarise" ".External2" "%>%" 
"<Anonymous>" "<Anonymous>" ".Call" "eval" "mask$eval_all_summarise" "FUN" "lapply" "map" "withCallingHandlers" "summarise_cols" "summarise.grouped_df" "summarise" ".External2" "%>%" 
"<Anonymous>" "<Anonymous>" ".Call" "eval" "mask$eval_all_summarise" "FUN" "lapply" "map" "withCallingHandlers" "summarise_cols" "summarise.grouped_df" "summarise" ".External2" "%>%" 
"<Anonymous>" "<Anonymous>" ".Call" "eval" "mask$eval_all_summarise" "FUN" "lapply" "map" "withCallingHandlers" "summarise_cols" "summarise.grouped_df" "summarise" ".External2" "%>%" 
"<Anonymous>" "<Anonymous>" ".Call" "eval" "mask$eval_all_summarise" "FUN" "lapply" "map" "withCallingHandlers" "summarise_cols" "summarise.grouped_df" "summarise" ".External2" "%>%" 
"<Anonymous>" "<Anonymous>" ".Call" "eval" "mask$eval_all_summarise" "FUN" "lapply" "map" "withCallingHandlers" "summarise_cols" "summarise.grouped_df" "summarise" ".External2" "%>%" 
"<Anonymous>" "<Anonymous>" ".Call" "eval" "mask$eval_all_summarise" "FUN" "lapply" "map" "withCallingHandlers" "summarise_cols" "summarise.grouped_df" "summarise" ".External2" "%>%" 
"<Anonymous>" "<Anonymous>" ".Call" "eval" "mask$eval_all_summarise" "FUN" "lapply" "map" "withCallingHandlers" "summarise_cols" "summarise.grouped_df" "summarise" ".External2" "%>%" 
"<Anonymous>" "<Anonymous>" ".Call" "eval" "mask$eval_all_summarise" "FUN" "lapply" "map" "withCallingHandlers" "summarise_cols" "summarise.grouped_df" "summarise" ".External2" "%>%" 
"<Anonymous>" "<Anonymous>" ".Call" "eval" "mask$eval_all_summarise" "FUN" "lapply" "map" "withCallingHandlers" "summarise_cols" "summarise.grouped_df" "summarise" ".External2" "%>%" 
"<Anonymous>" "<Anonymous>" ".Call" "eval" "mask$eval_all_summarise" "FUN" "lapply" "map" "withCallingHandlers" "summarise_cols" "summarise.grouped_df" "summarise" ".External2" "%>%" 
"<Anonymous>" "<Anonymous>" ".Call" "eval" "mask$eval_all_summarise" "FUN" "lapply" "map" "withCallingHandlers" "summarise_cols" "summarise.grouped_df" "summarise" ".External2" "%>%" 
"<Anonymous>" "<Anonymous>" ".Call" "eval" "mask$eval_all_summarise" "FUN" "lapply" "map" "withCallingHandlers" "summarise_cols" "summarise.grouped_df" "summarise" ".External2" "%>%" 
"<Anonymous>" "<Anonymous>" ".Call" "eval" "mask$eval_all_summarise" "FUN" "lapply" "map" "withCallingHandlers" "summarise_cols" "summarise.grouped_df" "summarise" ".External2" "%>%" 
"<Anonymous>" "<Anonymous>" ".Call" "eval" "mask$eval_all_summarise" "FUN" "lapply" "map" "withCallingHandlers" "summarise_cols" "summarise.grouped_df" "summarise" ".External2" "%>%" 
"<Anonymous>" "<Anonymous>" ".Call" "eval" "mask$eval_all_summarise" "FUN" "lapply" "map" "withCallingHandlers" "summarise_cols" "summarise.grouped_df" "summarise" ".External2" "%>%" 
".Call" "eval" "mask$eval_all_summarise" "FUN" "lapply" "map" "withCallingHandlers" "summarise_cols" "summarise.grouped_df" "summarise" ".External2" "%>%" 
".Call" "eval" "mask$eval_all_summarise" "FUN" "lapply" "map" "withCallingHandlers" "summarise_cols" "summarise.grouped_df" "summarise" ".External2" "%>%" 
".Call" "eval" "mask$eval_all_summarise" "FUN" "lapply" "map" "withCallingHandlers" "summarise_cols" "summarise.grouped_df" "summarise" ".External2" "%>%" 
"<Anonymous>" "<Anonymous>" ".Call" "eval" "mask$eval_all_summarise" "FUN" "lapply" "map" "withCallingHandlers" "summarise_cols" "summarise.grouped_df" "summarise" ".External2" "%>%" 
".Call" "eval" "mask$eval_all_summarise" "FUN" "lapply" "map" "withCallingHandlers" "summarise_cols" "summarise.grouped_df" "summarise" ".External2" "%>%" 
".Call" "eval" "mask$eval_all_summarise" "FUN" "lapply" "map" "withCallingHandlers" "summarise_cols" "summarise.grouped_df" "summarise" ".External2" "%>%" 
".Call" "eval" "mask$eval_all_summarise" "FUN" "lapply" "map" "withCallingHandlers" "summarise_cols" "summarise.grouped_df" "summarise" ".External2" "%>%" 
".Call" "eval" "mask$eval_all_summarise" "FUN" "lapply" "map" "withCallingHandlers" "summarise_cols" "summarise.grouped_df" "summarise" ".External2" "%>%" 
".Call" "eval" "mask$eval_all_summarise" "FUN" "lapply" "map" "withCallingHandlers" "summarise_cols" "summarise.grouped_df" "summarise" ".External2" "%>%" 
".Call" "eval" "mask$eval_all_summarise" "FUN" "lapply" "map" "withCallingHandlers" "summarise_cols" "summarise.grouped_df" "summarise" ".External2" "%>%" 
".Call" "eval" "mask$eval_all_summarise" "FUN" "lapply" "map" "withCallingHandlers" "summarise_cols" "summarise.grouped_df" "summarise" ".External2" "%>%" 
".Call" "eval" "mask$eval_all_summarise" "FUN" "lapply" "map" "withCallingHandlers" "summarise_cols" "summarise.grouped_df" "summarise" ".External2" "%>%" 
"sum" ".Call" "eval" "mask$eval_all_summarise" "FUN" "lapply" "map" "withCallingHandlers" "summarise_cols" "summarise.grouped_df" "summarise" ".External2" "%>%" 
".Call" "eval" "mask$eval_all_summarise" "FUN" "lapply" "map" "withCallingHandlers" "summarise_cols" "summarise.grouped_df" "summarise" ".External2" "%>%" 
".Call" "eval" "mask$eval_all_summarise" "FUN" "lapply" "map" "withCallingHandlers" "summarise_cols" "summarise.grouped_df" "summarise" ".External2" "%>%" 
".Call" "eval" "mask$eval_all_summarise" "FUN" "lapply" "map" "withCallingHandlers" "summarise_cols" "summarise.grouped_df" "summarise" ".External2" "%>%" 
".Call" "eval" "mask$eval_all_summarise" "FUN" "lapply" "map" "withCallingHandlers" "summarise_cols" "summarise.grouped_df" "summarise" ".External2" "%>%" 
".Call" "eval" "mask$eval_all_summarise" "FUN" "lapply" "map" "withCallingHandlers" "summarise_cols" "summarise.grouped_df" "summarise" ".External2" "%>%" 
".Call" "eval" "mask$eval_all_summarise" "FUN" "lapply" "map" "withCallingHandlers" "summarise_cols" "summarise.grouped_df" "summarise" ".External2" "%>%" 
".Call" "eval" "mask$eval_all_summarise" "FUN" "lapply" "map" "withCallingHandlers" "summarise_cols" "summarise.grouped_df" "summarise" ".External2" "%>%" 
".Call" "eval" "mask$eval_all_summarise" "FUN" "lapply" "map" "withCallingHandlers" "summarise_cols" "summarise.grouped_df" "summarise" ".External2" "%>%" 
".Call" "eval" "mask$eval_all_summarise" "FUN" "lapply" "map" "withCallingHandlers" "summarise_cols" "summarise.grouped_df" "summarise" ".External2" "%>%" 
".Call" "eval" "mask$eval_all_summarise" "FUN" "lapply" "map" "withCallingHandlers" "summarise_cols" "summarise.grouped_df" "summarise" ".External2" "%>%" 
".Call" "eval" "mask$eval_all_summarise" "FUN" "lapply" "map" "withCallingHandlers" "summarise_cols" "summarise.grouped_df" "summarise" ".External2" "%>%" 
".Call" "eval" "mask$eval_all_summarise" "FUN" "lapply" "map" "withCallingHandlers" "summarise_cols" "summarise.grouped_df" "summarise" ".External2" "%>%" 
".Call" "eval" "mask$eval_all_summarise" "FUN" "lapply" "map" "withCallingHandlers" "summarise_cols" "summarise.grouped_df" "summarise" ".External2" "%>%" 
".Call" "eval" "mask$eval_all_summarise" "FUN" "lapply" "map" "withCallingHandlers" "summarise_cols" "summarise.grouped_df" "summarise" ".External2" "%>%" 
".Call" "eval" "mask$eval_all_summarise" "FUN" "lapply" "map" "withCallingHandlers" "summarise_cols" "summarise.grouped_df" "summarise" ".External2" "%>%" 
".Call" "eval" "mask$eval_all_summarise" "FUN" "lapply" "map" "withCallingHandlers" "summarise_cols" "summarise.grouped_df" "summarise" ".External2" "%>%" 
".Call" "eval" "mask$eval_all_summarise" "FUN" "lapply" "map" "withCallingHandlers" "summarise_cols" "summarise.grouped_df" "summarise" ".External2" "%>%" 
".Call" "eval" "mask$eval_all_summarise" "FUN" "lapply" "map" "withCallingHandlers" "summarise_cols" "summarise.grouped_df" "summarise" ".External2" "%>%" 
".Call" "eval" "mask$eval_all_summarise" "FUN" "lapply" "map" "withCallingHandlers" "summarise_cols" "summarise.grouped_df" "summarise" ".External2" "%>%" 
".Call" "eval" "mask$eval_all_summarise" "FUN" "lapply" "map" "withCallingHandlers" "summarise_cols" "summarise.grouped_df" "summarise" ".External2" "%>%" 
".Call" "eval" "mask$eval_all_summarise" "FUN" "lapply" "map" "withCallingHandlers" "summarise_cols" "summarise.grouped_df" "summarise" ".External2" "%>%" 
".Call" "eval" "mask$eval_all_summarise" "FUN" "lapply" "map" "withCallingHandlers" "summarise_cols" "summarise.grouped_df" "summarise" ".External2" "%>%" 
".Call" "eval" "mask$eval_all_summarise" "FUN" "lapply" "map" "withCallingHandlers" "summarise_cols" "summarise.grouped_df" "summarise" ".External2" "%>%" 
".Call" "eval" "mask$eval_all_summarise" "FUN" "lapply" "map" "withCallingHandlers" "summarise_cols" "summarise.grouped_df" "summarise" ".External2" "%>%" 
".Call" "eval" "mask$eval_all_summarise" "FUN" "lapply" "map" "withCallingHandlers" "summarise_cols" "summarise.grouped_df" "summarise" ".External2" "%>%" 
".Call" "eval" "mask$eval_all_summarise" "FUN" "lapply" "map" "withCallingHandlers" "summarise_cols" "summarise.grouped_df" "summarise" ".External2" "%>%" 
"sum" ".Call" "eval" "mask$eval_all_summarise" "FUN" "lapply" "map" "withCallingHandlers" "summarise_cols" "summarise.grouped_df" "summarise" ".External2" "%>%" 
".Call" "eval" "mask$eval_all_summarise" "FUN" "lapply" "map" "withCallingHandlers" "summarise_cols" "summarise.grouped_df" "summarise" ".External2" "%>%" 
"<Anonymous>" ".Call" "eval" "mask$eval_all_summarise" "FUN" "lapply" "map" "withCallingHandlers" "summarise_cols" "summarise.grouped_df" "summarise" ".External2" "%>%" 
".Call" "eval" "mask$eval_all_summarise" "FUN" "lapply" "map" "withCallingHandlers" "summarise_cols" "summarise.grouped_df" "summarise" ".External2" "%>%" 
".Call" "eval" "mask$eval_all_summarise" "FUN" "lapply" "map" "withCallingHandlers" "summarise_cols" "summarise.grouped_df" "summarise" ".External2" "%>%" 
"sum" ".Call" "eval" "mask$eval_all_summarise" "FUN" "lapply" "map" "withCallingHandlers" "summarise_cols" "summarise.grouped_df" "summarise" ".External2" "%>%" 
".Call" "eval" "mask$eval_all_summarise" "FUN" "lapply" "map" "withCallingHandlers" "summarise_cols" "summarise.grouped_df" "summarise" ".External2" "%>%" 
"<Anonymous>" ".Call" "eval" "mask$eval_all_summarise" "FUN" "lapply" "map" "withCallingHandlers" "summarise_cols" "summarise.grouped_df" "summarise" ".External2" "%>%" 
".Call" "eval" "mask$eval_all_summarise" "FUN" "lapply" "map" "withCallingHandlers" "summarise_cols" "summarise.grouped_df" "summarise" ".External2" "%>%" 
".Call" "eval" "mask$eval_all_summarise" "FUN" "lapply" "map" "withCallingHandlers" "summarise_cols" "summarise.grouped_df" "summarise" ".External2" "%>%" 
"<Anonymous>" "<Anonymous>" ".Call" "eval" "mask$eval_all_summarise" "FUN" "lapply" "map" "withCallingHandlers" "summarise_cols" "summarise.grouped_df" "summarise" ".External2" "%>%" 
"sum" ".Call" "eval" "mask$eval_all_summarise" "FUN" "lapply" "map" "withCallingHandlers" "summarise_cols" "summarise.grouped_df" "summarise" ".External2" "%>%" 
".Call" "eval" "mask$eval_all_summarise" "FUN" "lapply" "map" "withCallingHandlers" "summarise_cols" "summarise.grouped_df" "summarise" ".External2" "%>%" 
".Call" "eval" "mask$eval_all_summarise" "FUN" "lapply" "map" "withCallingHandlers" "summarise_cols" "summarise.grouped_df" "summarise" ".External2" "%>%" 
".Call" "eval" "mask$eval_all_summarise" "FUN" "lapply" "map" "withCallingHandlers" "summarise_cols" "summarise.grouped_df" "summarise" ".External2" "%>%" 
".Call" "eval" "mask$eval_all_summarise" "FUN" "lapply" "map" "withCallingHandlers" "summarise_cols" "summarise.grouped_df" "summarise" ".External2" "%>%" 
".Call" "eval" "mask$eval_all_summarise" "FUN" "lapply" "map" "withCallingHandlers" "summarise_cols" "summarise.grouped_df" "summarise" ".External2" "%>%" 
".Call" "eval" "mask$eval_all_summarise" "FUN" "lapply" "map" "withCallingHandlers" "summarise_cols" "summarise.grouped_df" "summarise" ".External2" "%>%" 
".Call" "eval" "mask$eval_all_summarise" "FUN" "lapply" "map" "withCallingHandlers" "summarise_cols" "summarise.grouped_df" "summarise" ".External2" "%>%" 
"<Anonymous>" ".Call" "eval" "mask$eval_all_summarise" "FUN" "lapply" "map" "withCallingHandlers" "summarise_cols" "summarise.grouped_df" "summarise" ".External2" "%>%" 
".Call" "eval" "mask$eval_all_summarise" "FUN" "lapply" "map" "withCallingHandlers" "summarise_cols" "summarise.grouped_df" "summarise" ".External2" "%>%" 
"sum" ".Call" "eval" "mask$eval_all_summarise" "FUN" "lapply" "map" "withCallingHandlers" "summarise_cols" "summarise.grouped_df" "summarise" ".External2" "%>%" 
".Call" "eval" "mask$eval_all_summarise" "FUN" "lapply" "map" "withCallingHandlers" "summarise_cols" "summarise.grouped_df" "summarise" ".External2" "%>%" 
".Call" "eval" "mask$eval_all_summarise" "FUN" "lapply" "map" "withCallingHandlers" "summarise_cols" "summarise.grouped_df" "summarise" ".External2" "%>%" 
"<Anonymous>" ".Call" "eval" "mask$eval_all_summarise" "FUN" "lapply" "map" "withCallingHandlers" "summarise_cols" "summarise.grouped_df" "summarise" ".External2" "%>%" 
".Call" "eval" "mask$eval_all_summarise" "FUN" "lapply" "map" "withCallingHandlers" "summarise_cols" "summarise.grouped_df" "summarise" ".External2" "%>%" 
".Call" "eval" "mask$eval_all_summarise" "FUN" "lapply" "map" "withCallingHandlers" "summarise_cols" "summarise.grouped_df" "summarise" ".External2" "%>%" 
".Call" "eval" "mask$eval_all_summarise" "FUN" "lapply" "map" "withCallingHandlers" "summarise_cols" "summarise.grouped_df" "summarise" ".External2" "%>%" 
".Call" "eval" "mask$eval_all_summarise" "FUN" "lapply" "map" "withCallingHandlers" "summarise_cols" "summarise.grouped_df" "summarise" ".External2" "%>%" 
"sum" ".Call" "eval" "mask$eval_all_summarise" "FUN" "lapply" "map" "withCallingHandlers" "summarise_cols" "summarise.grouped_df" "summarise" ".External2" "%>%" 
"sum" ".Call" "eval" "mask$eval_all_summarise" "FUN" "lapply" "map" "withCallingHandlers" "summarise_cols" "summarise.grouped_df" "summarise" ".External2" "%>%" 
"sum" ".Call" "eval" "mask$eval_all_summarise" "FUN" "lapply" "map" "withCallingHandlers" "summarise_cols" "summarise.grouped_df" "summarise" ".External2" "%>%" 
"<Anonymous>" ".Call" "eval" "mask$eval_all_summarise" "FUN" "lapply" "map" "withCallingHandlers" "summarise_cols" "summarise.grouped_df" "summarise" ".External2" "%>%" 
".Call" "eval" "mask$eval_all_summarise" "FUN" "lapply" "map" "withCallingHandlers" "summarise_cols" "summarise.grouped_df" "summarise" ".External2" "%>%" 
".Call" "eval" "mask$eval_all_summarise" "FUN" "lapply" "map" "withCallingHandlers" "summarise_cols" "summarise.grouped_df" "summarise" ".External2" "%>%" 
".Call" "eval" "mask$eval_all_summarise" "FUN" "lapply" "map" "withCallingHandlers" "summarise_cols" "summarise.grouped_df" "summarise" ".External2" "%>%" 
"sum" ".Call" "eval" "mask$eval_all_summarise" "FUN" "lapply" "map" "withCallingHandlers" "summarise_cols" "summarise.grouped_df" "summarise" ".External2" "%>%" 
".Call" "eval" "mask$eval_all_summarise" "FUN" "lapply" "map" "withCallingHandlers" "summarise_cols" "summarise.grouped_df" "summarise" ".External2" "%>%" 
".Call" "eval" "mask$eval_all_summarise" "FUN" "lapply" "map" "withCallingHandlers" "summarise_cols" "summarise.grouped_df" "summarise" ".External2" "%>%" 
".Call" "eval" "mask$eval_all_summarise" "FUN" "lapply" "map" "withCallingHandlers" "summarise_cols" "summarise.grouped_df" "summarise" ".External2" "%>%" 
"<Anonymous>" ".Call" "eval" "mask$eval_all_summarise" "FUN" "lapply" "map" "withCallingHandlers" "summarise_cols" "summarise.grouped_df" "summarise" ".External2" "%>%" 
".Call" "eval" "mask$eval_all_summarise" "FUN" "lapply" "map" "withCallingHandlers" "summarise_cols" "summarise.grouped_df" "summarise" ".External2" "%>%" 
".Call" "eval" "mask$eval_all_summarise" "FUN" "lapply" "map" "withCallingHandlers" "summarise_cols" "summarise.grouped_df" "summarise" ".External2" "%>%" 
".Call" "eval" "mask$eval_all_summarise" "FUN" "lapply" "map" "withCallingHandlers" "summarise_cols" "summarise.grouped_df" "summarise" ".External2" "%>%" 
".Call" "eval" "mask$eval_all_summarise" "FUN" "lapply" "map" "withCallingHandlers" "summarise_cols" "summarise.grouped_df" "summarise" ".External2" "%>%" 
".External2" "vec_ptype_common" "withCallingHandlers" "dplyr_vec_ptype_common" "FUN" "lapply" "map" "withCallingHandlers" "summarise_cols" "summarise.grouped_df" "summarise" ".External2" "%>%" 
".External2" "vec_ptype_common" "withCallingHandlers" "dplyr_vec_ptype_common" "FUN" "lapply" "map" "withCallingHandlers" "summarise_cols" "summarise.grouped_df" "summarise" ".External2" "%>%" 
".External2" "vec_ptype_common" "withCallingHandlers" "dplyr_vec_ptype_common" "FUN" "lapply" "map" "withCallingHandlers" "summarise_cols" "summarise.grouped_df" "summarise" ".External2" "%>%" 
".External2" "vec_ptype_common" "withCallingHandlers" "dplyr_vec_ptype_common" "FUN" "lapply" "map" "withCallingHandlers" "summarise_cols" "summarise.grouped_df" "summarise" ".External2" "%>%" 
".External2" "vec_cast_common" "FUN" "lapply" "map" "withCallingHandlers" "summarise_cols" "summarise.grouped_df" "summarise" ".External2" "%>%" 
".External2" "vec_cast_common" "FUN" "lapply" "map" "withCallingHandlers" "summarise_cols" "summarise.grouped_df" "summarise" ".External2" "%>%" 
".External2" "vec_cast_common" "FUN" "lapply" "map" "withCallingHandlers" "summarise_cols" "summarise.grouped_df" "summarise" ".External2" "%>%" 
".External2" "vec_c" "FUN" "lapply" "map" "withCallingHandlers" "summarise_cols" "summarise.grouped_df" "summarise" ".External2" "%>%" 
".External2" "vec_c" "FUN" "lapply" "map" "withCallingHandlers" "summarise_cols" "summarise.grouped_df" "summarise" ".External2" "%>%" 
".External2" "vec_c" "FUN" "lapply" "map" "withCallingHandlers" "summarise_cols" "summarise.grouped_df" "summarise" ".External2" "%>%" 
".External2" "vec_c" "FUN" "lapply" "map" "withCallingHandlers" "summarise_cols" "summarise.grouped_df" "summarise" ".External2" "%>%" 
".External2" "vec_c" "FUN" "lapply" "map" "withCallingHandlers" "summarise_cols" "summarise.grouped_df" "summarise" ".External2" "%>%" 
".External2" "vec_c" "FUN" "lapply" "map" "withCallingHandlers" "summarise_cols" "summarise.grouped_df" "summarise" ".External2" "%>%" 
".External2" "vec_c" "FUN" "lapply" "map" "withCallingHandlers" "summarise_cols" "summarise.grouped_df" "summarise" ".External2" "%>%" 
".External2" "vec_c" "FUN" "lapply" "map" "withCallingHandlers" "summarise_cols" "summarise.grouped_df" "summarise" ".External2" "%>%" 
".External2" "vec_c" "FUN" "lapply" "map" "withCallingHandlers" "summarise_cols" "summarise.grouped_df" "summarise" ".External2" "%>%" 
".External2" "vec_c" "FUN" "lapply" "map" "withCallingHandlers" "summarise_cols" "summarise.grouped_df" "summarise" ".External2" "%>%" 
".External2" "vec_c" "FUN" "lapply" "map" "withCallingHandlers" "summarise_cols" "summarise.grouped_df" "summarise" ".External2" "%>%" 
"withCallingHandlers" "summarise_cols" "summarise.grouped_df" "summarise" ".External2" "%>%" 
"withCallingHandlers" "summarise_cols" "summarise.grouped_df" "summarise" ".External2" "%>%" 
"withCallingHandlers" "summarise_cols" "summarise.grouped_df" "summarise" ".External2" "%>%" 
"withCallingHandlers" "summarise_cols" "summarise.grouped_df" "summarise" ".External2" "%>%" 
"withCallingHandlers" "summarise_cols" "summarise.grouped_df" "summarise" ".External2" "%>%" 
"withCallingHandlers" "summarise_cols" "summarise.grouped_df" "summarise" ".External2" "%>%" 
"withCallingHandlers" "summarise_cols" "summarise.grouped_df" "summarise" ".External2" "%>%" 
"mean.default" "mean" 
